<?xml version="1.0" encoding="UTF-8"?>
<testsuites name="jest tests" tests="1" failures="1" time="1.994">
  <testsuite name="undefined" errors="0" failures="1" skipped="0" timestamp="2020-05-12T02:43:49" time="1.189" tests="1">
    <testcase classname=" should have 0" name=" should have 0" time="0.005">
      <failure>Error: expect(received).toBe(expected) // Object.is equality

Expected: &quot;001&quot;
Received: &quot;01&quot;
    at Object.&lt;anonymous&gt; (/Users/kayleefunk/Desktop/Javascript practice/typingimport/test/timer.test.ts:4:26)
    at Object.asyncJestTest (/Users/kayleefunk/Desktop/Javascript practice/typingimport/node_modules/jest-jasmine2/build/jasmineAsyncInstall.js:100:37)
    at /Users/kayleefunk/Desktop/Javascript practice/typingimport/node_modules/jest-jasmine2/build/queueRunner.js:45:12
    at new Promise (&lt;anonymous&gt;)
    at mapper (/Users/kayleefunk/Desktop/Javascript practice/typingimport/node_modules/jest-jasmine2/build/queueRunner.js:28:19)
    at /Users/kayleefunk/Desktop/Javascript practice/typingimport/node_modules/jest-jasmine2/build/queueRunner.js:75:41
    at processTicksAndRejections (internal/process/task_queues.js:97:5)</failure>
    </testcase>
  </testsuite>
</testsuites>